<?xml version="1.0" encoding="UTF-8"?>
<!-- Generated by org.testng.reporters.JUnitReportReporter -->
<testsuite skipped="0" hostname="DESKTOP-10CTBKL" name="com.testng.class01.OrangeHRM" tests="2" failures="0" timestamp="03 Nov 2021 18:26:06 GMT" time="34.482" errors="0">
  <testcase name="verifyAdminUserMangementworks" time="20.110" classname="com.testng.class01.OrangeHRM"/>
  <testcase name="verifyUserCanAbleToLogin" time="14.372" classname="com.testng.class01.OrangeHRM"/>
</testsuite> <!-- com.testng.class01.OrangeHRM -->
