<?xml version="1.0" encoding="UTF-8"?>
<!-- Generated by org.testng.reporters.JUnitReportReporter -->
<testsuite skipped="0" hostname="DESKTOP-10CTBKL" name="com.testng.class01.SauceNavigationTest" tests="1" failures="0" timestamp="21 Nov 2021 21:34:27 GMT" time="9.998" errors="0">
  <testcase name="verifyUserCanNavigateToProductDetailPageFromHomePage" time="9.998" classname="com.testng.class01.SauceNavigationTest"/>
</testsuite> <!-- com.testng.class01.SauceNavigationTest -->
