<?xml version="1.0" encoding="UTF-8"?>
<!-- Generated by org.testng.reporters.JUnitReportReporter -->
<testsuite skipped="0" hostname="DESKTOP-10CTBKL" name="com.testng.class01.OrangeHRM" tests="2" failures="0" timestamp="03 Nov 2021 22:22:33 GMT" time="35.325" errors="0">
  <testcase name="verifyLoginCanBeDone" time="12.272" classname="com.testng.class01.OrangeHRM"/>
  <testcase name="verifyAdminUserMangementworks" time="23.053" classname="com.testng.class01.OrangeHRM"/>
</testsuite> <!-- com.testng.class01.OrangeHRM -->
