<?xml version="1.0" encoding="UTF-8"?>
<!-- Generated by org.testng.reporters.JUnitReportReporter -->
<testsuite skipped="0" hostname="DESKTOP-10CTBKL" name="com.testng.class01.SauceTestNGDemo" tests="2" failures="0" timestamp="18 Nov 2021 22:38:03 GMT" time="9.028" errors="0">
  <testcase name="verifyUserCanAbleToLogin" time="5.123" classname="com.testng.class01.SauceTestNGDemo"/>
  <testcase name="verifyUserCanNotAbleToLoginWithInvalidCridentials" time="3.905" classname="com.testng.class01.SauceTestNGDemo"/>
</testsuite> <!-- com.testng.class01.SauceTestNGDemo -->
