<?xml version="1.0" encoding="UTF-8"?>
<!-- Generated by org.testng.reporters.JUnitReportReporter -->
<testsuite skipped="0" hostname="DESKTOP-10CTBKL" name="com.testng.class01.SauceLoginTest" tests="1" failures="0" timestamp="20 Nov 2021 22:36:35 GMT" time="6.276" errors="0">
  <testcase name="verifyUserCanAbleToLogin" time="6.276" classname="com.testng.class01.SauceLoginTest"/>
</testsuite> <!-- com.testng.class01.SauceLoginTest -->
