<?xml version="1.0" encoding="UTF-8"?>
<!-- Generated by org.testng.reporters.JUnitReportReporter -->
<testsuite skipped="0" hostname="DESKTOP-10CTBKL" name="com.testng.class01.SauceLoginPage" tests="1" failures="0" timestamp="21 Nov 2021 00:23:52 GMT" time="15.671" errors="0">
  <testcase name="verifyUserCanAbleToLogin" time="15.671" classname="com.testng.class01.SauceLoginPage"/>
</testsuite> <!-- com.testng.class01.SauceLoginPage -->
