<?xml version="1.0" encoding="UTF-8"?>
<!-- Generated by org.testng.reporters.JUnitReportReporter -->
<testsuite skipped="0" hostname="DESKTOP-10CTBKL" name="com.testng.class02.sauceInvalidCrednt" tests="1" failures="0" timestamp="04 Nov 2021 02:11:30 GMT" time="8.756" errors="0">
  <testcase name="verifyLoginCanBeDone" time="8.756" classname="com.testng.class02.sauceInvalidCrednt"/>
</testsuite> <!-- com.testng.class02.sauceInvalidCrednt -->
